2025-09-24 21:59:21,094 - masks - INFO - Account number masked successfully: 1234567890123456 -> **3456
2025-09-24 21:59:21,094 - masks - INFO - Account number masked successfully: 9876543210987654 -> **7654
2025-09-24 21:59:21,097 - masks - INFO - Account number masked successfully: 1234567890123456 -> **3456
2025-09-24 21:59:21,097 - masks - INFO - Account number masked successfully: 9876543210987654 -> **7654
2025-09-24 21:59:21,097 - masks - ERROR - Invalid card number format: 3456
2025-09-24 21:59:21,097 - masks - ERROR - Error masking card number 3456: Invalid card number format: 3456
2025-09-24 21:59:21,097 - masks - ERROR - Invalid card number format: ABC
2025-09-24 21:59:21,098 - masks - ERROR - Error masking card number ABC: Invalid card number format: ABC
2025-09-24 21:59:21,102 - masks - INFO - Account number masked successfully: 1234 -> **1234
2025-09-24 21:59:21,102 - masks - INFO - Account number masked successfully: 5678 -> **5678
2025-09-24 21:59:21,103 - masks - INFO - Card number masked successfully: 1234567812345678 -> 1234 56** **** 5678
2025-09-24 21:59:21,103 - masks - INFO - Card number masked successfully: 1234 5678 1234 5678 -> 1234 56** **** 5678
2025-09-24 21:59:21,103 - masks - ERROR - Invalid card number format: 1234
2025-09-24 21:59:21,104 - masks - ERROR - Error masking card number 1234: Invalid card number format: 1234
2025-09-24 21:59:21,104 - masks - ERROR - Invalid card number format: 123456781234567a
2025-09-24 21:59:21,104 - masks - ERROR - Error masking card number 123456781234567a: Invalid card number format: 123456781234567a
2025-09-24 21:59:21,104 - masks - INFO - Account number masked successfully: 1234567890123456 -> **3456
2025-09-24 21:59:21,104 - masks - INFO - Account number masked successfully: 1234 5678 9012 3456 -> **3456
2025-09-24 21:59:21,105 - masks - ERROR - Invalid account number format: 123
2025-09-24 21:59:21,105 - masks - ERROR - Error masking account number 123: Invalid account number format: 123
2025-09-24 21:59:21,105 - masks - ERROR - Invalid account number format: 12a
2025-09-24 21:59:21,105 - masks - ERROR - Error masking account number 12a: Invalid account number format: 12a
2025-09-24 21:59:21,105 - masks - ERROR - Invalid account number format: abc
2025-09-24 21:59:21,105 - masks - ERROR - Error masking account number abc: Invalid account number format: abc
2025-09-24 21:59:21,106 - masks - INFO - Card number masked successfully: 1234 5678 9012 3456 -> 1234 56** **** 3456
2025-09-24 21:59:21,106 - masks - INFO - Card number masked successfully: 1234-5678-9012-3456 -> 1234 56** **** 3456
2025-09-24 21:59:21,107 - masks - INFO - Account number masked successfully: 1234 5678 9012 3456 -> **3456
2025-09-24 21:59:21,107 - masks - INFO - Account number masked successfully: 1234 -> **1234
2025-09-24 21:59:21,108 - masks - INFO - Card number masked successfully: 1234abcd5678efgh9012ijkl3456 -> 1234 56** **** 3456
2025-09-24 21:59:21,109 - masks - INFO - Account number masked successfully: 1234abcd5678efgh9012ijkl3456 -> **3456
2025-09-24 21:59:21,110 - masks - INFO - Card number masked successfully: 1234567812345678 -> 1234 56** **** 5678
2025-09-24 21:59:21,110 - masks - INFO - Account number masked successfully: 1234567890123456 -> **3456
2025-09-24 21:59:21,111 - masks - INFO - Account number masked successfully: 12345678901234ab -> **1234
2025-09-24 21:59:21,111 - masks - INFO - Account number masked successfully: 1234-5678-9012-3456 -> **3456
2025-09-24 21:59:21,156 - masks - INFO - Card number masked successfully: 7000792289606361 -> 7000 79** **** 6361
2025-09-24 21:59:21,157 - masks - INFO - Account number masked successfully: 73654108430135874305 -> **4305
2025-09-24 21:59:21,158 - masks - INFO - Card number masked successfully: 1234567812345678 -> 1234 56** **** 5678
2025-09-24 21:59:21,159 - masks - INFO - Card number masked successfully: 1111222233334444 -> 1111 22** **** 4444
2025-09-24 21:59:21,163 - masks - ERROR - Invalid account number format: 123
2025-09-24 21:59:21,163 - masks - ERROR - Error masking account number 123: Invalid account number format: 123
